2011/12/28 14:29:26 [error] [exception.CDbException] exception 'CDbException' with message 'The table "{{users}}" for active record class "User" cannot be found in the database.' in D:\freelance_space\lintinzonespace\lintinzone\yii\framework\db\ar\CActiveRecord.php:2276
Stack trace:
#0 D:\freelance_space\lintinzonespace\lintinzone\yii\framework\db\ar\CActiveRecord.php(372): CActiveRecordMetaData->__construct(Object(User))
#1 D:\freelance_space\lintinzonespace\lintinzone\protected\modules\user\models\User.php(28): CActiveRecord::model('User')
#2 D:\freelance_space\lintinzonespace\lintinzone\protected\modules\user\components\UserIdentity.php(27): User::model()
#3 D:\freelance_space\lintinzonespace\lintinzone\protected\models\LoginForm.php(52): UserIdentity->authenticate()
#4 D:\freelance_space\lintinzonespace\lintinzone\yii\framework\validators\CInlineValidator.php(39): LoginForm->authenticate('password', Array)
#5 D:\freelance_space\lintinzonespace\lintinzone\yii\framework\validators\CValidator.php(192): CInlineValidator->validateAttribute(Object(LoginForm), 'password')
#6 D:\freelance_space\lintinzonespace\lintinzone\yii\framework\base\CModel.php(152): CValidator->validate(Object(LoginForm), NULL)
#7 D:\freelance_space\lintinzonespace\lintinzone\protected\controllers\SiteController.php(88): CModel->validate()
#8 D:\freelance_space\lintinzonespace\lintinzone\yii\framework\web\actions\CInlineAction.php(50): SiteController->actionLogin()
#9 D:\freelance_space\lintinzonespace\lintinzone\yii\framework\web\CController.php(300): CInlineAction->runWithParams(Array)
#10 D:\freelance_space\lintinzonespace\lintinzone\yii\framework\web\CController.php(278): CController->runAction(Object(CInlineAction))
#11 D:\freelance_space\lintinzonespace\lintinzone\yii\framework\web\CController.php(257): CController->runActionWithFilters(Object(CInlineAction), Array)
#12 D:\freelance_space\lintinzonespace\lintinzone\yii\framework\web\CWebApplication.php(277): CController->run('login')
#13 D:\freelance_space\lintinzonespace\lintinzone\yii\framework\web\CWebApplication.php(136): CWebApplication->runController('site/login')
#14 D:\freelance_space\lintinzonespace\lintinzone\yii\framework\base\CApplication.php(158): CWebApplication->processRequest()
#15 D:\freelance_space\lintinzonespace\lintinzone\index.php(13): CApplication->run()
#16 {main} REQUEST_URI=/index.php?r=site/login
2011/12/28 14:31:57 [error] [exception.CDbException] exception 'CDbException' with message 'The table "{{users}}" for active record class "User" cannot be found in the database.' in D:\freelance_space\lintinzonespace\lintinzone\yii\framework\db\ar\CActiveRecord.php:2276
Stack trace:
#0 D:\freelance_space\lintinzonespace\lintinzone\yii\framework\db\ar\CActiveRecord.php(372): CActiveRecordMetaData->__construct(Object(User))
#1 D:\freelance_space\lintinzonespace\lintinzone\protected\modules\user\models\User.php(28): CActiveRecord::model('User')
#2 D:\freelance_space\lintinzonespace\lintinzone\protected\modules\user\components\UserIdentity.php(27): User::model()
#3 D:\freelance_space\lintinzonespace\lintinzone\protected\models\LoginForm.php(52): UserIdentity->authenticate()
#4 D:\freelance_space\lintinzonespace\lintinzone\yii\framework\validators\CInlineValidator.php(39): LoginForm->authenticate('password', Array)
#5 D:\freelance_space\lintinzonespace\lintinzone\yii\framework\validators\CValidator.php(192): CInlineValidator->validateAttribute(Object(LoginForm), 'password')
#6 D:\freelance_space\lintinzonespace\lintinzone\yii\framework\base\CModel.php(152): CValidator->validate(Object(LoginForm), NULL)
#7 D:\freelance_space\lintinzonespace\lintinzone\protected\controllers\SiteController.php(88): CModel->validate()
#8 D:\freelance_space\lintinzonespace\lintinzone\yii\framework\web\actions\CInlineAction.php(50): SiteController->actionLogin()
#9 D:\freelance_space\lintinzonespace\lintinzone\yii\framework\web\CController.php(300): CInlineAction->runWithParams(Array)
#10 D:\freelance_space\lintinzonespace\lintinzone\yii\framework\web\CController.php(278): CController->runAction(Object(CInlineAction))
#11 D:\freelance_space\lintinzonespace\lintinzone\yii\framework\web\CController.php(257): CController->runActionWithFilters(Object(CInlineAction), Array)
#12 D:\freelance_space\lintinzonespace\lintinzone\yii\framework\web\CWebApplication.php(277): CController->run('login')
#13 D:\freelance_space\lintinzonespace\lintinzone\yii\framework\web\CWebApplication.php(136): CWebApplication->runController('site/login')
#14 D:\freelance_space\lintinzonespace\lintinzone\yii\framework\base\CApplication.php(158): CWebApplication->processRequest()
#15 D:\freelance_space\lintinzonespace\lintinzone\index.php(13): CApplication->run()
#16 {main} REQUEST_URI=/index.php?r=site/login
2011/12/28 14:48:25 [error] [system.db.CDbCommand] CDbCommand::fetchAll() failed: SQLSTATE[42S02]: Base table or view not found: 1146 Table 'lintinzone.{{users}}' doesn't exist. The SQL statement executed was: SHOW COLUMNS FROM `{{users}}`.
in D:\freelance_space\lintinzonespace\lintinzone\protected\modules\user\models\User.php (28)
in D:\freelance_space\lintinzonespace\lintinzone\protected\modules\user\components\UserIdentity.php (27)
in D:\freelance_space\lintinzonespace\lintinzone\protected\models\LoginForm.php (52)
2011/12/28 14:48:25 [error] [exception.CDbException] exception 'CDbException' with message 'The table "{{users}}" for active record class "User" cannot be found in the database.' in D:\freelance_space\lintinzonespace\lintinzone\yii\framework\db\ar\CActiveRecord.php:2276
Stack trace:
#0 D:\freelance_space\lintinzonespace\lintinzone\yii\framework\db\ar\CActiveRecord.php(372): CActiveRecordMetaData->__construct(Object(User))
#1 D:\freelance_space\lintinzonespace\lintinzone\protected\modules\user\models\User.php(28): CActiveRecord::model('User')
#2 D:\freelance_space\lintinzonespace\lintinzone\protected\modules\user\components\UserIdentity.php(27): User::model()
#3 D:\freelance_space\lintinzonespace\lintinzone\protected\models\LoginForm.php(52): UserIdentity->authenticate()
#4 D:\freelance_space\lintinzonespace\lintinzone\yii\framework\validators\CInlineValidator.php(39): LoginForm->authenticate('password', Array)
#5 D:\freelance_space\lintinzonespace\lintinzone\yii\framework\validators\CValidator.php(192): CInlineValidator->validateAttribute(Object(LoginForm), 'password')
#6 D:\freelance_space\lintinzonespace\lintinzone\yii\framework\base\CModel.php(152): CValidator->validate(Object(LoginForm), NULL)
#7 D:\freelance_space\lintinzonespace\lintinzone\protected\controllers\SiteController.php(88): CModel->validate()
#8 D:\freelance_space\lintinzonespace\lintinzone\yii\framework\web\actions\CInlineAction.php(50): SiteController->actionLogin()
#9 D:\freelance_space\lintinzonespace\lintinzone\yii\framework\web\CController.php(300): CInlineAction->runWithParams(Array)
#10 D:\freelance_space\lintinzonespace\lintinzone\yii\framework\web\CController.php(278): CController->runAction(Object(CInlineAction))
#11 D:\freelance_space\lintinzonespace\lintinzone\yii\framework\web\CController.php(257): CController->runActionWithFilters(Object(CInlineAction), Array)
#12 D:\freelance_space\lintinzonespace\lintinzone\yii\framework\web\CWebApplication.php(277): CController->run('login')
#13 D:\freelance_space\lintinzonespace\lintinzone\yii\framework\web\CWebApplication.php(136): CWebApplication->runController('site/login')
#14 D:\freelance_space\lintinzonespace\lintinzone\yii\framework\base\CApplication.php(158): CWebApplication->processRequest()
#15 D:\freelance_space\lintinzonespace\lintinzone\index.php(13): CApplication->run()
#16 {main} REQUEST_URI=/index.php?r=site/login
2011/12/28 14:53:40 [error] [exception.CException] exception 'CException' with message 'Property "CBreadcrumbs.0" is not defined.' in D:\freelance_space\lintinzonespace\lintinzone\yii\framework\base\CComponent.php:174
Stack trace:
#0 D:\freelance_space\lintinzonespace\lintinzone\yii\framework\web\CWidgetFactory.php(162): CComponent->__set('0', Array)
#1 D:\freelance_space\lintinzonespace\lintinzone\yii\framework\web\CBaseController.php(139): CWidgetFactory->createWidget(Object(SiteController), 'zii.widgets.CBr...', Array)
#2 D:\freelance_space\lintinzonespace\lintinzone\yii\framework\web\CBaseController.php(165): CBaseController->createWidget('zii.widgets.CBr...', Array)
#3 D:\freelance_space\lintinzonespace\lintinzone\protected\views\layouts\main.php(46): CBaseController->widget('zii.widgets.CBr...', Array)
#4 D:\freelance_space\lintinzonespace\lintinzone\yii\framework\web\CBaseController.php(119): require('D:\freelance_sp...')
#5 D:\freelance_space\lintinzonespace\lintinzone\yii\framework\web\CBaseController.php(88): CBaseController->renderInternal('D:\freelance_sp...', Array, true)
#6 D:\freelance_space\lintinzonespace\lintinzone\yii\framework\web\widgets\CContentDecorator.php(78): CBaseController->renderFile('D:\freelance_sp...', Array, true)
#7 D:\freelance_space\lintinzonespace\lintinzone\yii\framework\web\widgets\CContentDecorator.php(56): CContentDecorator->decorate('<div class="con...')
#8 D:\freelance_space\lintinzonespace\lintinzone\yii\framework\web\widgets\COutputProcessor.php(45): CContentDecorator->processOutput('<div class="con...')
#9 D:\freelance_space\lintinzonespace\lintinzone\yii\framework\web\CBaseController.php(199): COutputProcessor->run()
#10 D:\freelance_space\lintinzonespace\lintinzone\yii\framework\web\CBaseController.php(294): CBaseController->endWidget('CContentDecorat...')
#11 D:\freelance_space\lintinzonespace\lintinzone\protected\views\layouts\column1.php(7): CBaseController->endContent()
#12 D:\freelance_space\lintinzonespace\lintinzone\yii\framework\web\CBaseController.php(119): require('D:\freelance_sp...')
#13 D:\freelance_space\lintinzonespace\lintinzone\yii\framework\web\CBaseController.php(88): CBaseController->renderInternal('D:\freelance_sp...', Array, true)
#14 D:\freelance_space\lintinzonespace\lintinzone\yii\framework\web\CController.php(781): CBaseController->renderFile('D:\freelance_sp...', Array, true)
#15 D:\freelance_space\lintinzonespace\lintinzone\protected\controllers\SiteController.php(32): CController->render('index')
#16 D:\freelance_space\lintinzonespace\lintinzone\yii\framework\web\actions\CInlineAction.php(50): SiteController->actionIndex()
#17 D:\freelance_space\lintinzonespace\lintinzone\yii\framework\web\CController.php(300): CInlineAction->runWithParams(Array)
#18 D:\freelance_space\lintinzonespace\lintinzone\yii\framework\web\CController.php(278): CController->runAction(Object(CInlineAction))
#19 D:\freelance_space\lintinzonespace\lintinzone\yii\framework\web\CController.php(257): CController->runActionWithFilters(Object(CInlineAction), Array)
#20 D:\freelance_space\lintinzonespace\lintinzone\yii\framework\web\CWebApplication.php(277): CController->run('')
#21 D:\freelance_space\lintinzonespace\lintinzone\yii\framework\web\CWebApplication.php(136): CWebApplication->runController('')
#22 D:\freelance_space\lintinzonespace\lintinzone\yii\framework\base\CApplication.php(158): CWebApplication->processRequest()
#23 D:\freelance_space\lintinzonespace\lintinzone\index.php(13): CApplication->run()
#24 {main} REQUEST_URI=/index.php
